<?xml version="1.0" encoding="UTF-8"?>
<!-- Generated by org.testng.reporters.JUnitXMLReporter -->
<testsuite ignored="0" hostname="DESKTOP-LFQO311" failures="0" tests="3" name="Submit Order Test" time="39.256" errors="0" timestamp="2024-12-11T17:22:45 IST">
  <testcase classname="project.tests.SubmitOrderTest" name="submitOrder" time="7.053"/>
  <testcase classname="project.tests.SubmitOrderTest" name="submitOrder" time="9.296"/>
  <testcase classname="project.tests.SubmitOrderTest" name="orderHistoryTest" time="1.707"/>
</testsuite> <!-- Submit Order Test -->
