<?xml version="1.0" encoding="UTF-8"?>
<!-- Generated by org.testng.reporters.JUnitXMLReporter -->
<testsuite ignored="0" hostname="DESKTOP-LFQO311" failures="0" tests="3" name="Submit Order Test" time="43.37" errors="0" timestamp="2024-12-12T23:19:12 IST">
  <testcase classname="project.tests.SubmitOrderTest" name="submitOrder" time="6.057"/>
  <testcase classname="project.tests.SubmitOrderTest" name="submitOrder" time="7.401"/>
  <testcase classname="project.tests.SubmitOrderTest" name="orderHistoryTest" time="1.721"/>
</testsuite> <!-- Submit Order Test -->
